<?xml version="1.0" encoding="UTF-8"?>
<!-- Generated by org.testng.reporters.JUnitReportReporter -->
<testsuite hostname="WS-23" failures="0" tests="1" name="irbnetprj.irbnetprj.IRBNetHomePage" time="20.582" errors="0" timestamp="2019-11-22T16:47:49 BDT" skipped="0">
  <testcase classname="irbnetprj.irbnetprj.IRBNetHomePage" name="IRBNet_Login_Test" time="20.582"/>
</testsuite> <!-- irbnetprj.irbnetprj.IRBNetHomePage -->
